<?xml version="1.0" encoding="UTF-8"?>
<testsuite xmlns:xsi="http://www.w3.org/2001/XMLSchema-instance" xsi:noNamespaceSchemaLocation="https://maven.apache.org/surefire/maven-surefire-plugin/xsd/surefire-test-report.xsd" version="3.0.2" name="via.pro3.propertyserver.PropertyServiceServerApplicationTests" time="8.153" tests="1" errors="0" skipped="0" failures="0">
  <properties>
[...]
</properties>
  <testcase name="contextLoads" classname="via.pro3.propertyserver.PropertyServiceServerApplicationTests" time="0.55">
    <system-out><![CDATA[19:37:33.837 [main] INFO org.springframework.test.context.support.AnnotationConfigContextLoaderUtils -- Could not detect default configuration classes for test class [via.pro3.propertyserver.PropertyServiceServerApplicationTests]: PropertyServiceServerApplicationTests does not declare any static, non-private, non-final, nested classes annotated with @Configuration.
19:37:34.006 [main] INFO org.springframework.boot.test.context.SpringBootTestContextBootstrapper -- Found @SpringBootConfiguration via.pro3.propertyserver.PropertyServiceServerApplication for test class via.pro3.propertyserver.PropertyServiceServerApplicationTests

  .   ____          _            __ _ _
 /\\ / ___'_ __ _ _(_)_ __  __ _ \ \ \ \
( ( )\___ | '_ | '_| | '_ \/ _` | \ \ \ \
 \\/  ___)| |_)| | | | | || (_| |  ) ) ) )
  '  |____| .__|_| |_|_| |_\__, | / / / /
 =========|_|==============|___/=/_/_/_/

 :: Spring Boot ::                (v3.5.7)

2025-11-24T19:37:34.731+01:00  INFO 20080 --- [PropertyServiceServer] [           main] .p.PropertyServiceServerApplicationTests : Starting PropertyServiceServerApplicationTests using Java 21.0.4 with PID 20080 (started by felip in C:\Git_VIACode\SEM3\SEM3_Bidinly\PropertyServiceServer)
2025-11-24T19:37:34.732+01:00  INFO 20080 --- [PropertyServiceServer] [           main] .p.PropertyServiceServerApplicationTests : No active profile set, falling back to 1 default profile: "default"
2025-11-24T19:37:35.792+01:00  INFO 20080 --- [PropertyServiceServer] [           main] .s.d.r.c.RepositoryConfigurationDelegate : Bootstrapping Spring Data JPA repositories in DEFAULT mode.
2025-11-24T19:37:35.919+01:00  INFO 20080 --- [PropertyServiceServer] [           main] .s.d.r.c.RepositoryConfigurationDelegate : Finished Spring Data repository scanning in 107 ms. Found 1 JPA repository interface.
2025-11-24T19:37:36.640+01:00  INFO 20080 --- [PropertyServiceServer] [           main] o.hibernate.jpa.internal.util.LogHelper  : HHH000204: Processing PersistenceUnitInfo [name: default]
2025-11-24T19:37:36.756+01:00  INFO 20080 --- [PropertyServiceServer] [           main] org.hibernate.Version                    : HHH000412: Hibernate ORM core version 6.6.33.Final
2025-11-24T19:37:36.834+01:00  INFO 20080 --- [PropertyServiceServer] [           main] o.h.c.internal.RegionFactoryInitiator    : HHH000026: Second-level cache disabled
2025-11-24T19:37:37.442+01:00  INFO 20080 --- [PropertyServiceServer] [           main] o.s.o.j.p.SpringPersistenceUnitInfo      : No LoadTimeWeaver setup: ignoring JPA class transformer
2025-11-24T19:37:37.501+01:00  INFO 20080 --- [PropertyServiceServer] [           main] com.zaxxer.hikari.HikariDataSource       : HikariPool-1 - Starting...
2025-11-24T19:37:37.950+01:00  INFO 20080 --- [PropertyServiceServer] [           main] com.zaxxer.hikari.pool.HikariPool        : HikariPool-1 - Added connection org.postgresql.jdbc.PgConnection@5c5c7cc4
2025-11-24T19:37:37.954+01:00  INFO 20080 --- [PropertyServiceServer] [           main] com.zaxxer.hikari.HikariDataSource       : HikariPool-1 - Start completed.
2025-11-24T19:37:38.130+01:00  INFO 20080 --- [PropertyServiceServer] [           main] org.hibernate.orm.connections.pooling    : HHH10001005: Database info:
	Database JDBC URL [Connecting through datasource 'HikariDataSource (HikariPool-1)']
	Database driver: undefined/unknown
	Database version: 17.2
	Autocommit mode: undefined/unknown
	Isolation level: undefined/unknown
	Minimum pool size: undefined/unknown
	Maximum pool size: undefined/unknown
2025-11-24T19:37:39.484+01:00  INFO 20080 --- [PropertyServiceServer] [           main] o.h.e.t.j.p.i.JtaPlatformInitiator       : HHH000489: No JTA platform available (set 'hibernate.transaction.jta.platform' to enable JTA platform integration)
2025-11-24T19:37:39.560+01:00  INFO 20080 --- [PropertyServiceServer] [           main] j.LocalContainerEntityManagerFactoryBean : Initialized JPA EntityManagerFactory for persistence unit 'default'
2025-11-24T19:37:40.025+01:00  INFO 20080 --- [PropertyServiceServer] [           main] g.s.a.GrpcServerFactoryAutoConfiguration : Detected grpc-netty-shaded: Creating ShadedNettyGrpcServerFactory
2025-11-24T19:37:40.987+01:00  INFO 20080 --- [PropertyServiceServer] [           main] n.d.b.g.s.s.AbstractGrpcServerFactory    : Registered gRPC service: property.PropertyService, bean: propertyServiceImpl, class: via.pro3.propertyserver.service.PropertyServiceImpl
2025-11-24T19:37:40.987+01:00  INFO 20080 --- [PropertyServiceServer] [           main] n.d.b.g.s.s.AbstractGrpcServerFactory    : Registered gRPC service: grpc.health.v1.Health, bean: grpcHealthService, class: io.grpc.protobuf.services.HealthServiceImpl
2025-11-24T19:37:40.987+01:00  INFO 20080 --- [PropertyServiceServer] [           main] n.d.b.g.s.s.AbstractGrpcServerFactory    : Registered gRPC service: grpc.reflection.v1alpha.ServerReflection, bean: protoReflectionService, class: io.grpc.protobuf.services.ProtoReflectionService
2025-11-24T19:37:41.195+01:00  INFO 20080 --- [PropertyServiceServer] [           main] n.d.b.g.s.s.GrpcServerLifecycle          : gRPC Server started, listening on address: *, port: 9095
2025-11-24T19:37:41.207+01:00  INFO 20080 --- [PropertyServiceServer] [           main] .p.PropertyServiceServerApplicationTests : Started PropertyServiceServerApplicationTests in 6.974 seconds (process running for 8.631)
]]></system-out>
    <system-err><![CDATA[Mockito is currently self-attaching to enable the inline-mock-maker. This will no longer work in future releases of the JDK. Please add Mockito as an agent to your build as described in Mockito's documentation: https://javadoc.io/doc/org.mockito/mockito-core/latest/org.mockito/org/mockito/Mockito.html#0.3
WARNING: A Java agent has been loaded dynamically (C:\Users\felip\.m2\repository\net\bytebuddy\byte-buddy-agent\1.17.8\byte-buddy-agent-1.17.8.jar)
WARNING: If a serviceability tool is in use, please run with -XX:+EnableDynamicAgentLoading to hide this warning
WARNING: If a serviceability tool is not in use, please run with -Djdk.instrument.traceUsage for more information
WARNING: Dynamic loading of agents will be disallowed by default in a future release
]]></system-err>
  </testcase>
</testsuite>